<?xml version="1.0" encoding="UTF-8"?>
<robot generator="Robot 3.2.2 (Python 3.8.6 on win32)" generated="20201004 15:20:22.882" rpa="false">
<suite id="s1" name="Checkout" source="C:\Users\Msi_win\Desktop\shoppingCart\atdd\API\api-robot\checkout.robot">
<test id="s1-t1" name="Checkout Diner Set">
<kw name="Create Session" library="RequestsLibrary" type="setup">
<doc>Create Session: create a HTTP session to a server</doc>
<arguments>
<arg>${toy_store}</arg>
<arg>${URL}</arg>
</arguments>
<msg timestamp="20201004 15:20:23.075" level="INFO">Creating Session using : alias=, url=http://localhost:8000, headers={},                     cookies={}, auth=None, timeout=None, proxies=None, verify=False,                     debug=0 </msg>
<status status="PASS" starttime="20201004 15:20:23.074" endtime="20201004 15:20:23.076"></status>
</kw>
<kw name="Checkout Product" library="checkoutResource">
<arguments>
<arg>2</arg>
<arg>43 Piece dinner Set</arg>
<arg>1</arg>
<arg>14.95</arg>
<arg>วันเวลาที่ชำระเงิน 1/3/2020 13:30:00 หมายเลขคำสั่งซื้อ 8004359104 คุณสามารถติดตามสินค้าผ่านช่องทาง Kerry หมายเลข 1785261900</arg>
</arguments>
<kw name="Get Product List" library="checkoutResource">
<kw name="Get Request" library="RequestsLibrary">
<doc>Send a GET request on the session object found using the
given `alias`</doc>
<arguments>
<arg>${toy_store}</arg>
<arg>/api/v1/product</arg>
<arg>headers=&amp;{ACCEPT}</arg>
</arguments>
<assign>
<var>${productList}</var>
</assign>
<msg timestamp="20201004 15:20:23.097" level="INFO">GET Request : url=http://localhost:8000/api/v1/product 
 path_url=/api/v1/product 
 headers={'User-Agent': 'python-requests/2.24.0', 'Accept-Encoding': 'gzip, deflate', 'Accept': 'application/json', 'Connection': 'keep-alive'} 
 body=None 
 </msg>
<msg timestamp="20201004 15:20:23.098" level="INFO">GET Response : url=http://localhost:8000/api/v1/product 
 status=200, reason=OK 
 body={
  "total": 2,
  "products": [
    {
      "id": 1,
      "product_name": "Balance Training Bicycle",
      "product_price": 119.95,
      "product_image": "/Balance_Training_Bicycle.png"
    },
    {
      "id": 2,
      "product_name": "43 Piece dinner Set",
      "product_price": 12.95,
      "product_image": "/43_Piece_dinner_Set.png"
    }
  ]
} 
 </msg>
<msg timestamp="20201004 15:20:23.098" level="INFO">${productList} = &lt;Response [200]&gt;</msg>
<status status="PASS" starttime="20201004 15:20:23.078" endtime="20201004 15:20:23.098"></status>
</kw>
<kw name="Status Should Be" library="RequestsLibrary">
<doc>Fails if response status code is different than the expected.</doc>
<arguments>
<arg>200</arg>
<arg>${productList}</arg>
</arguments>
<status status="PASS" starttime="20201004 15:20:23.098" endtime="20201004 15:20:23.098"></status>
</kw>
<kw name="Should Be Equal" library="BuiltIn">
<doc>Fails if the given objects are unequal.</doc>
<arguments>
<arg>${productList.json()["total"]}</arg>
<arg>${2}</arg>
</arguments>
<status status="PASS" starttime="20201004 15:20:23.098" endtime="20201004 15:20:23.099"></status>
</kw>
<kw name="Get From Dictionary" library="Collections">
<doc>Returns a value from the given ``dictionary`` based on the given ``key``.</doc>
<arguments>
<arg>${productList.json()}</arg>
<arg>products</arg>
</arguments>
<assign>
<var>${products}</var>
</assign>
<msg timestamp="20201004 15:20:23.100" level="INFO">${products} = [{'id': 1, 'product_name': 'Balance Training Bicycle', 'product_price': 119.95, 'product_image': '/Balance_Training_Bicycle.png'}, {'id': 2, 'product_name': '43 Piece dinner Set', 'product_price': 12....</msg>
<status status="PASS" starttime="20201004 15:20:23.099" endtime="20201004 15:20:23.100"></status>
</kw>
<kw name="Log List" library="Collections">
<doc>Logs the length and contents of the ``list`` using given ``level``.</doc>
<arguments>
<arg>${products}</arg>
</arguments>
<msg timestamp="20201004 15:20:23.100" level="INFO">List length is 2 and it contains following items:
0: {'id': 1, 'product_name': 'Balance Training Bicycle', 'product_price': 119.95, 'product_image': '/Balance_Training_Bicycle.png'}
1: {'id': 2, 'product_name': '43 Piece dinner Set', 'product_price': 12.95, 'product_image': '/43_Piece_dinner_Set.png'}</msg>
<status status="PASS" starttime="20201004 15:20:23.100" endtime="20201004 15:20:23.100"></status>
</kw>
<status status="PASS" starttime="20201004 15:20:23.077" endtime="20201004 15:20:23.101"></status>
</kw>
<kw name="Get Product Detail" library="checkoutResource">
<arguments>
<arg>${product_id}</arg>
<arg>${product_name}</arg>
</arguments>
<kw name="Get Request" library="RequestsLibrary">
<doc>Send a GET request on the session object found using the
given `alias`</doc>
<arguments>
<arg>${toy_store}</arg>
<arg>/api/v1/product/${product_id}</arg>
<arg>headers=&amp;{ACCEPT}</arg>
</arguments>
<assign>
<var>${productDetail}</var>
</assign>
<msg timestamp="20201004 15:20:23.111" level="INFO">GET Request : url=http://localhost:8000/api/v1/product/2 
 path_url=/api/v1/product/2 
 headers={'User-Agent': 'python-requests/2.24.0', 'Accept-Encoding': 'gzip, deflate', 'Accept': 'application/json', 'Connection': 'keep-alive'} 
 body=None 
 </msg>
<msg timestamp="20201004 15:20:23.112" level="INFO">GET Response : url=http://localhost:8000/api/v1/product/2 
 status=200, reason=OK 
 body={
  "id": 2,
  "product_name": "43 Piece dinner Set",
  "product_price": 12.95,
  "product_image": "/43_Piece_dinner_Set.png",
  "quantity": 10,
  "product_brand": "CoolKidz"
} 
 </msg>
<msg timestamp="20201004 15:20:23.112" level="INFO">${productDetail} = &lt;Response [200]&gt;</msg>
<status status="PASS" starttime="20201004 15:20:23.101" endtime="20201004 15:20:23.112"></status>
</kw>
<kw name="Request Should Be Successful" library="RequestsLibrary">
<doc>Fails if response status code is a client or server error (4xx, 5xx).</doc>
<arguments>
<arg>${productDetail}</arg>
</arguments>
<status status="PASS" starttime="20201004 15:20:23.112" endtime="20201004 15:20:23.112"></status>
</kw>
<kw name="Should Be Equal" library="BuiltIn">
<doc>Fails if the given objects are unequal.</doc>
<arguments>
<arg>${productDetail.json()["product_name"]}</arg>
<arg>${product_name}</arg>
</arguments>
<status status="PASS" starttime="20201004 15:20:23.112" endtime="20201004 15:20:23.113"></status>
</kw>
<status status="PASS" starttime="20201004 15:20:23.101" endtime="20201004 15:20:23.113"></status>
</kw>
<kw name="Order Item Set" library="checkoutResource">
<arguments>
<arg>${product_id}</arg>
<arg>${quantity}</arg>
<arg>${total_price}</arg>
</arguments>
<kw name="Replace Variables" library="BuiltIn">
<doc>Replaces variables in the given text with their current values.</doc>
<arguments>
<arg>${ORDER_TEMPLATE}</arg>
</arguments>
<assign>
<var>${message}</var>
</assign>
<msg timestamp="20201004 15:20:23.114" level="INFO">${message} = {"cart":[{"product_id": 2,"quantity":1 }],"shipping_method": "Kerry","shipping_address": "405/37 ถ.มหิดล","shipping_sub_district": "ท่าศาลา","shipping_district": "เมือง","shipping_province": "เชียงใหม...</msg>
<status status="PASS" starttime="20201004 15:20:23.114" endtime="20201004 15:20:23.114"></status>
</kw>
<kw name="To Json" library="RequestsLibrary">
<doc>Convert a string to a JSON object</doc>
<arguments>
<arg>${message}</arg>
</arguments>
<assign>
<var>${order}</var>
</assign>
<msg timestamp="20201004 15:20:23.114" level="INFO">To JSON using : content={"cart":[{"product_id": 2,"quantity":1 }],"shipping_method": "Kerry","shipping_address": "405/37 ถ.มหิดล","shipping_sub_district": "ท่าศาลา","shipping_district": "เมือง","shipping_province": "เชียงใหม่","shipping_zip_code": "50000","recipient_name": "ณัฐญา ชุติบุตร","recipient_phone_number": "0970809292"} </msg>
<msg timestamp="20201004 15:20:23.115" level="INFO">To JSON using : pretty_print=False </msg>
<msg timestamp="20201004 15:20:23.115" level="INFO">${order} = {'cart': [{'product_id': 2, 'quantity': 1}], 'shipping_method': 'Kerry', 'shipping_address': '405/37 ถ.มหิดล', 'shipping_sub_district': 'ท่าศาลา', 'shipping_district': 'เมือง', 'shipping_province': 'เ...</msg>
<status status="PASS" starttime="20201004 15:20:23.114" endtime="20201004 15:20:23.115"></status>
</kw>
<kw name="Post Request" library="RequestsLibrary">
<doc>Send a POST request on the session object found using the
given `alias`</doc>
<arguments>
<arg>${toy_store}</arg>
<arg>/api/v1/order</arg>
<arg>json=${order}</arg>
<arg>headers=&amp;{POST_HEADERS}</arg>
</arguments>
<assign>
<var>${orderStatus}</var>
</assign>
<msg timestamp="20201004 15:20:23.125" level="INFO">POST Request : url=http://localhost:8000/api/v1/order 
 path_url=/api/v1/order 
 headers={'User-Agent': 'python-requests/2.24.0', 'Accept-Encoding': 'gzip, deflate', 'Accept': 'application/json', 'Connection': 'keep-alive', 'Content-Type': 'application/json', 'Content-Length': '516'} 
 body=b'{"cart": [{"product_id": 2, "quantity": 1}], "shipping_method": "Kerry", "shipping_address": "405/37 \\u0e16.\\u0e21\\u0e2b\\u0e34\\u0e14\\u0e25", "shipping_sub_district": "\\u0e17\\u0e48\\u0e32\\u0e28\\u0e32\\u0e25\\u0e32", "shipping_district": "\\u0e40\\u0e21\\u0e37\\u0e2d\\u0e07", "shipping_province": "\\u0e40\\u0e0a\\u0e35\\u0e22\\u0e07\\u0e43\\u0e2b\\u0e21\\u0e48", "shipping_zip_code": "50000", "recipient_name": "\\u0e13\\u0e31\\u0e10\\u0e0d\\u0e32 \\u0e0a\\u0e38\\u0e15\\u0e34\\u0e1a\\u0e38\\u0e15\\u0e23", "recipient_phone_number": "0970809292"}' 
 </msg>
<msg timestamp="20201004 15:20:23.125" level="INFO">POST Response : url=http://localhost:8000/api/v1/order 
 status=200, reason=OK 
 body={
    "order_id": 8004359104,
    "total_price": 14.95
} 
 </msg>
<msg timestamp="20201004 15:20:23.125" level="INFO">${orderStatus} = &lt;Response [200]&gt;</msg>
<status status="PASS" starttime="20201004 15:20:23.115" endtime="20201004 15:20:23.125"></status>
</kw>
<kw name="Status Should Be" library="RequestsLibrary">
<doc>Fails if response status code is different than the expected.</doc>
<arguments>
<arg>200</arg>
<arg>${orderStatus}</arg>
</arguments>
<status status="PASS" starttime="20201004 15:20:23.125" endtime="20201004 15:20:23.126"></status>
</kw>
<kw name="Should Be Equal As Strings" library="BuiltIn">
<doc>Fails if objects are unequal after converting them to strings.</doc>
<arguments>
<arg>${orderStatus.json()["total_price"]}</arg>
<arg>${total_price}</arg>
</arguments>
<msg timestamp="20201004 15:20:23.126" level="INFO">Argument types are:
&lt;class 'float'&gt;
&lt;type 'unicode'&gt;</msg>
<status status="PASS" starttime="20201004 15:20:23.126" endtime="20201004 15:20:23.126"></status>
</kw>
<kw name="Set Test Variable" library="BuiltIn">
<doc>Makes a variable available everywhere within the scope of the current test.</doc>
<arguments>
<arg>${order_id}</arg>
<arg>${orderStatus.json()["order_id"]}</arg>
</arguments>
<msg timestamp="20201004 15:20:23.127" level="INFO">${order_id} = 8004359104</msg>
<status status="PASS" starttime="20201004 15:20:23.126" endtime="20201004 15:20:23.127"></status>
</kw>
<status status="PASS" starttime="20201004 15:20:23.113" endtime="20201004 15:20:23.128"></status>
</kw>
<kw name="Confirm Payment" library="checkoutResource">
<arguments>
<arg>${total_price}</arg>
<arg>${notify_message}</arg>
</arguments>
<kw name="Replace Variables" library="BuiltIn">
<doc>Replaces variables in the given text with their current values.</doc>
<arguments>
<arg>${CONFIRM_PAYMENT_TEMPLATE}</arg>
</arguments>
<assign>
<var>${message}</var>
</assign>
<msg timestamp="20201004 15:20:23.129" level="INFO">${message} = {"order_id": 8004359104,"payment_type": "credit","type": "visa","card_number": "4719700591590995","cvv": "752","expired_month": 7,"expired_year": 20,"card_name": "Karnwat Wongudom","total_price": 14.9...</msg>
<status status="PASS" starttime="20201004 15:20:23.128" endtime="20201004 15:20:23.129"></status>
</kw>
<kw name="To Json" library="RequestsLibrary">
<doc>Convert a string to a JSON object</doc>
<arguments>
<arg>${message}</arg>
</arguments>
<assign>
<var>${confirmPayment}</var>
</assign>
<msg timestamp="20201004 15:20:23.129" level="INFO">To JSON using : content={"order_id": 8004359104,"payment_type": "credit","type": "visa","card_number": "4719700591590995","cvv": "752","expired_month": 7,"expired_year": 20,"card_name": "Karnwat Wongudom","total_price": 14.95} </msg>
<msg timestamp="20201004 15:20:23.129" level="INFO">To JSON using : pretty_print=False </msg>
<msg timestamp="20201004 15:20:23.129" level="INFO">${confirmPayment} = {'order_id': 8004359104, 'payment_type': 'credit', 'type': 'visa', 'card_number': '4719700591590995', 'cvv': '752', 'expired_month': 7, 'expired_year': 20, 'card_name': 'Karnwat Wongudom', 'total_pric...</msg>
<status status="PASS" starttime="20201004 15:20:23.129" endtime="20201004 15:20:23.129"></status>
</kw>
<kw name="Post Request" library="RequestsLibrary">
<doc>Send a POST request on the session object found using the
given `alias`</doc>
<arguments>
<arg>${toy_store}</arg>
<arg>/api/v1/confirmPayment</arg>
<arg>json=${confirmPayment}</arg>
<arg>headers=&amp;{POST_HEADERS}</arg>
</arguments>
<assign>
<var>${confirmPaymentStatus}</var>
</assign>
<msg timestamp="20201004 15:20:23.142" level="INFO">POST Request : url=http://localhost:8000/api/v1/confirmPayment 
 path_url=/api/v1/confirmPayment 
 headers={'User-Agent': 'python-requests/2.24.0', 'Accept-Encoding': 'gzip, deflate', 'Accept': 'application/json', 'Connection': 'keep-alive', 'Content-Type': 'application/json', 'Content-Length': '210'} 
 body=b'{"order_id": 8004359104, "payment_type": "credit", "type": "visa", "card_number": "4719700591590995", "cvv": "752", "expired_month": 7, "expired_year": 20, "card_name": "Karnwat Wongudom", "total_price": 14.95}' 
 </msg>
<msg timestamp="20201004 15:20:23.142" level="INFO">POST Response : url=http://localhost:8000/api/v1/confirmPayment 
 status=200, reason=OK 
 body={
    "notify_message": "วันเวลาที่ชำระเงิน 1/3/2020 13:30:00 หมายเลขคำสั่งซื้อ 8004359104 คุณสามารถติดตามสินค้าผ่านช่องทาง Kerry หมายเลข 1785261900"
} 
 </msg>
<msg timestamp="20201004 15:20:23.142" level="INFO">${confirmPaymentStatus} = &lt;Response [200]&gt;</msg>
<status status="PASS" starttime="20201004 15:20:23.129" endtime="20201004 15:20:23.143"></status>
</kw>
<kw name="Request Should Be Successful" library="RequestsLibrary">
<doc>Fails if response status code is a client or server error (4xx, 5xx).</doc>
<arguments>
<arg>${confirmPaymentStatus}</arg>
</arguments>
<status status="PASS" starttime="20201004 15:20:23.143" endtime="20201004 15:20:23.143"></status>
</kw>
<kw name="Should Be Equal As Strings" library="BuiltIn">
<doc>Fails if objects are unequal after converting them to strings.</doc>
<arguments>
<arg>${confirmPaymentStatus.json()["notify_message"]}</arg>
<arg>${notify_message}</arg>
</arguments>
<status status="PASS" starttime="20201004 15:20:23.144" endtime="20201004 15:20:23.144"></status>
</kw>
<status status="PASS" starttime="20201004 15:20:23.128" endtime="20201004 15:20:23.145"></status>
</kw>
<status status="PASS" starttime="20201004 15:20:23.076" endtime="20201004 15:20:23.145"></status>
</kw>
<kw name="Delete All Sessions" library="RequestsLibrary" type="teardown">
<doc>Removes all the session objects</doc>
<msg timestamp="20201004 15:20:23.146" level="INFO">Delete All Sessions</msg>
<status status="PASS" starttime="20201004 15:20:23.146" endtime="20201004 15:20:23.146"></status>
</kw>
<status status="PASS" starttime="20201004 15:20:23.070" endtime="20201004 15:20:23.147" critical="yes"></status>
</test>
<test id="s1-t2" name="Checkout Bicyce">
<kw name="Create Session" library="RequestsLibrary" type="setup">
<doc>Create Session: create a HTTP session to a server</doc>
<arguments>
<arg>${toy_store}</arg>
<arg>${URL}</arg>
</arguments>
<msg timestamp="20201004 15:20:23.149" level="INFO">Creating Session using : alias=, url=http://localhost:8000, headers={},                     cookies={}, auth=None, timeout=None, proxies=None, verify=False,                     debug=0 </msg>
<status status="PASS" starttime="20201004 15:20:23.148" endtime="20201004 15:20:23.149"></status>
</kw>
<kw name="Checkout Product" library="checkoutResource">
<arguments>
<arg>1</arg>
<arg>Balance Training Bicycle</arg>
<arg>2</arg>
<arg>241.90</arg>
<arg>วันเวลาที่ชำระเงิน 1/3/2020 13:30:00 หมายเลขคำสั่งซื้อ 8004359105 คุณสามารถติดตามสินค้าผ่านช่องทาง Kerry หมายเลข 1785261901</arg>
</arguments>
<kw name="Get Product List" library="checkoutResource">
<kw name="Get Request" library="RequestsLibrary">
<doc>Send a GET request on the session object found using the
given `alias`</doc>
<arguments>
<arg>${toy_store}</arg>
<arg>/api/v1/product</arg>
<arg>headers=&amp;{ACCEPT}</arg>
</arguments>
<assign>
<var>${productList}</var>
</assign>
<msg timestamp="20201004 15:20:23.158" level="INFO">GET Request : url=http://localhost:8000/api/v1/product 
 path_url=/api/v1/product 
 headers={'User-Agent': 'python-requests/2.24.0', 'Accept-Encoding': 'gzip, deflate', 'Accept': 'application/json', 'Connection': 'keep-alive'} 
 body=None 
 </msg>
<msg timestamp="20201004 15:20:23.158" level="INFO">GET Response : url=http://localhost:8000/api/v1/product 
 status=200, reason=OK 
 body={
  "total": 2,
  "products": [
    {
      "id": 1,
      "product_name": "Balance Training Bicycle",
      "product_price": 119.95,
      "product_image": "/Balance_Training_Bicycle.png"
    },
    {
      "id": 2,
      "product_name": "43 Piece dinner Set",
      "product_price": 12.95,
      "product_image": "/43_Piece_dinner_Set.png"
    }
  ]
} 
 </msg>
<msg timestamp="20201004 15:20:23.158" level="INFO">${productList} = &lt;Response [200]&gt;</msg>
<status status="PASS" starttime="20201004 15:20:23.150" endtime="20201004 15:20:23.158"></status>
</kw>
<kw name="Status Should Be" library="RequestsLibrary">
<doc>Fails if response status code is different than the expected.</doc>
<arguments>
<arg>200</arg>
<arg>${productList}</arg>
</arguments>
<status status="PASS" starttime="20201004 15:20:23.158" endtime="20201004 15:20:23.159"></status>
</kw>
<kw name="Should Be Equal" library="BuiltIn">
<doc>Fails if the given objects are unequal.</doc>
<arguments>
<arg>${productList.json()["total"]}</arg>
<arg>${2}</arg>
</arguments>
<status status="PASS" starttime="20201004 15:20:23.159" endtime="20201004 15:20:23.159"></status>
</kw>
<kw name="Get From Dictionary" library="Collections">
<doc>Returns a value from the given ``dictionary`` based on the given ``key``.</doc>
<arguments>
<arg>${productList.json()}</arg>
<arg>products</arg>
</arguments>
<assign>
<var>${products}</var>
</assign>
<msg timestamp="20201004 15:20:23.160" level="INFO">${products} = [{'id': 1, 'product_name': 'Balance Training Bicycle', 'product_price': 119.95, 'product_image': '/Balance_Training_Bicycle.png'}, {'id': 2, 'product_name': '43 Piece dinner Set', 'product_price': 12....</msg>
<status status="PASS" starttime="20201004 15:20:23.159" endtime="20201004 15:20:23.160"></status>
</kw>
<kw name="Log List" library="Collections">
<doc>Logs the length and contents of the ``list`` using given ``level``.</doc>
<arguments>
<arg>${products}</arg>
</arguments>
<msg timestamp="20201004 15:20:23.160" level="INFO">List length is 2 and it contains following items:
0: {'id': 1, 'product_name': 'Balance Training Bicycle', 'product_price': 119.95, 'product_image': '/Balance_Training_Bicycle.png'}
1: {'id': 2, 'product_name': '43 Piece dinner Set', 'product_price': 12.95, 'product_image': '/43_Piece_dinner_Set.png'}</msg>
<status status="PASS" starttime="20201004 15:20:23.160" endtime="20201004 15:20:23.160"></status>
</kw>
<status status="PASS" starttime="20201004 15:20:23.150" endtime="20201004 15:20:23.160"></status>
</kw>
<kw name="Get Product Detail" library="checkoutResource">
<arguments>
<arg>${product_id}</arg>
<arg>${product_name}</arg>
</arguments>
<kw name="Get Request" library="RequestsLibrary">
<doc>Send a GET request on the session object found using the
given `alias`</doc>
<arguments>
<arg>${toy_store}</arg>
<arg>/api/v1/product/${product_id}</arg>
<arg>headers=&amp;{ACCEPT}</arg>
</arguments>
<assign>
<var>${productDetail}</var>
</assign>
<msg timestamp="20201004 15:20:23.166" level="INFO">GET Request : url=http://localhost:8000/api/v1/product/1 
 path_url=/api/v1/product/1 
 headers={'User-Agent': 'python-requests/2.24.0', 'Accept-Encoding': 'gzip, deflate', 'Accept': 'application/json', 'Connection': 'keep-alive'} 
 body=None 
 </msg>
<msg timestamp="20201004 15:20:23.166" level="INFO">GET Response : url=http://localhost:8000/api/v1/product/1 
 status=200, reason=OK 
 body={
  "id": 1,
  "product_name": "Balance Training Bicycle",
  "product_price": 119.95,
  "product_image": "/Balance_Training_Bicycle.png",
  "quantity": 5,
  "product_brand": "SportsFun"
} 
 </msg>
<msg timestamp="20201004 15:20:23.166" level="INFO">${productDetail} = &lt;Response [200]&gt;</msg>
<status status="PASS" starttime="20201004 15:20:23.161" endtime="20201004 15:20:23.166"></status>
</kw>
<kw name="Request Should Be Successful" library="RequestsLibrary">
<doc>Fails if response status code is a client or server error (4xx, 5xx).</doc>
<arguments>
<arg>${productDetail}</arg>
</arguments>
<status status="PASS" starttime="20201004 15:20:23.166" endtime="20201004 15:20:23.167"></status>
</kw>
<kw name="Should Be Equal" library="BuiltIn">
<doc>Fails if the given objects are unequal.</doc>
<arguments>
<arg>${productDetail.json()["product_name"]}</arg>
<arg>${product_name}</arg>
</arguments>
<status status="PASS" starttime="20201004 15:20:23.167" endtime="20201004 15:20:23.167"></status>
</kw>
<status status="PASS" starttime="20201004 15:20:23.160" endtime="20201004 15:20:23.168"></status>
</kw>
<kw name="Order Item Set" library="checkoutResource">
<arguments>
<arg>${product_id}</arg>
<arg>${quantity}</arg>
<arg>${total_price}</arg>
</arguments>
<kw name="Replace Variables" library="BuiltIn">
<doc>Replaces variables in the given text with their current values.</doc>
<arguments>
<arg>${ORDER_TEMPLATE}</arg>
</arguments>
<assign>
<var>${message}</var>
</assign>
<msg timestamp="20201004 15:20:23.169" level="INFO">${message} = {"cart":[{"product_id": 1,"quantity":2 }],"shipping_method": "Kerry","shipping_address": "405/37 ถ.มหิดล","shipping_sub_district": "ท่าศาลา","shipping_district": "เมือง","shipping_province": "เชียงใหม...</msg>
<status status="PASS" starttime="20201004 15:20:23.169" endtime="20201004 15:20:23.169"></status>
</kw>
<kw name="To Json" library="RequestsLibrary">
<doc>Convert a string to a JSON object</doc>
<arguments>
<arg>${message}</arg>
</arguments>
<assign>
<var>${order}</var>
</assign>
<msg timestamp="20201004 15:20:23.170" level="INFO">To JSON using : content={"cart":[{"product_id": 1,"quantity":2 }],"shipping_method": "Kerry","shipping_address": "405/37 ถ.มหิดล","shipping_sub_district": "ท่าศาลา","shipping_district": "เมือง","shipping_province": "เชียงใหม่","shipping_zip_code": "50000","recipient_name": "ณัฐญา ชุติบุตร","recipient_phone_number": "0970809292"} </msg>
<msg timestamp="20201004 15:20:23.170" level="INFO">To JSON using : pretty_print=False </msg>
<msg timestamp="20201004 15:20:23.170" level="INFO">${order} = {'cart': [{'product_id': 1, 'quantity': 2}], 'shipping_method': 'Kerry', 'shipping_address': '405/37 ถ.มหิดล', 'shipping_sub_district': 'ท่าศาลา', 'shipping_district': 'เมือง', 'shipping_province': 'เ...</msg>
<status status="PASS" starttime="20201004 15:20:23.169" endtime="20201004 15:20:23.170"></status>
</kw>
<kw name="Post Request" library="RequestsLibrary">
<doc>Send a POST request on the session object found using the
given `alias`</doc>
<arguments>
<arg>${toy_store}</arg>
<arg>/api/v1/order</arg>
<arg>json=${order}</arg>
<arg>headers=&amp;{POST_HEADERS}</arg>
</arguments>
<assign>
<var>${orderStatus}</var>
</assign>
<msg timestamp="20201004 15:20:23.184" level="INFO">POST Request : url=http://localhost:8000/api/v1/order 
 path_url=/api/v1/order 
 headers={'User-Agent': 'python-requests/2.24.0', 'Accept-Encoding': 'gzip, deflate', 'Accept': 'application/json', 'Connection': 'keep-alive', 'Content-Type': 'application/json', 'Content-Length': '516'} 
 body=b'{"cart": [{"product_id": 1, "quantity": 2}], "shipping_method": "Kerry", "shipping_address": "405/37 \\u0e16.\\u0e21\\u0e2b\\u0e34\\u0e14\\u0e25", "shipping_sub_district": "\\u0e17\\u0e48\\u0e32\\u0e28\\u0e32\\u0e25\\u0e32", "shipping_district": "\\u0e40\\u0e21\\u0e37\\u0e2d\\u0e07", "shipping_province": "\\u0e40\\u0e0a\\u0e35\\u0e22\\u0e07\\u0e43\\u0e2b\\u0e21\\u0e48", "shipping_zip_code": "50000", "recipient_name": "\\u0e13\\u0e31\\u0e10\\u0e0d\\u0e32 \\u0e0a\\u0e38\\u0e15\\u0e34\\u0e1a\\u0e38\\u0e15\\u0e23", "recipient_phone_number": "0970809292"}' 
 </msg>
<msg timestamp="20201004 15:20:23.184" level="INFO">POST Response : url=http://localhost:8000/api/v1/order 
 status=200, reason=OK 
 body={
    "order_id": 8004359105,
    "total_price": "241.90"
} 
 </msg>
<msg timestamp="20201004 15:20:23.184" level="INFO">${orderStatus} = &lt;Response [200]&gt;</msg>
<status status="PASS" starttime="20201004 15:20:23.170" endtime="20201004 15:20:23.184"></status>
</kw>
<kw name="Status Should Be" library="RequestsLibrary">
<doc>Fails if response status code is different than the expected.</doc>
<arguments>
<arg>200</arg>
<arg>${orderStatus}</arg>
</arguments>
<status status="PASS" starttime="20201004 15:20:23.184" endtime="20201004 15:20:23.185"></status>
</kw>
<kw name="Should Be Equal As Strings" library="BuiltIn">
<doc>Fails if objects are unequal after converting them to strings.</doc>
<arguments>
<arg>${orderStatus.json()["total_price"]}</arg>
<arg>${total_price}</arg>
</arguments>
<status status="PASS" starttime="20201004 15:20:23.185" endtime="20201004 15:20:23.185"></status>
</kw>
<kw name="Set Test Variable" library="BuiltIn">
<doc>Makes a variable available everywhere within the scope of the current test.</doc>
<arguments>
<arg>${order_id}</arg>
<arg>${orderStatus.json()["order_id"]}</arg>
</arguments>
<msg timestamp="20201004 15:20:23.187" level="INFO">${order_id} = 8004359105</msg>
<status status="PASS" starttime="20201004 15:20:23.185" endtime="20201004 15:20:23.188"></status>
</kw>
<status status="PASS" starttime="20201004 15:20:23.168" endtime="20201004 15:20:23.189"></status>
</kw>
<kw name="Confirm Payment" library="checkoutResource">
<arguments>
<arg>${total_price}</arg>
<arg>${notify_message}</arg>
</arguments>
<kw name="Replace Variables" library="BuiltIn">
<doc>Replaces variables in the given text with their current values.</doc>
<arguments>
<arg>${CONFIRM_PAYMENT_TEMPLATE}</arg>
</arguments>
<assign>
<var>${message}</var>
</assign>
<msg timestamp="20201004 15:20:23.191" level="INFO">${message} = {"order_id": 8004359105,"payment_type": "credit","type": "visa","card_number": "4719700591590995","cvv": "752","expired_month": 7,"expired_year": 20,"card_name": "Karnwat Wongudom","total_price": 241....</msg>
<status status="PASS" starttime="20201004 15:20:23.190" endtime="20201004 15:20:23.191"></status>
</kw>
<kw name="To Json" library="RequestsLibrary">
<doc>Convert a string to a JSON object</doc>
<arguments>
<arg>${message}</arg>
</arguments>
<assign>
<var>${confirmPayment}</var>
</assign>
<msg timestamp="20201004 15:20:23.192" level="INFO">To JSON using : content={"order_id": 8004359105,"payment_type": "credit","type": "visa","card_number": "4719700591590995","cvv": "752","expired_month": 7,"expired_year": 20,"card_name": "Karnwat Wongudom","total_price": 241.90} </msg>
<msg timestamp="20201004 15:20:23.192" level="INFO">To JSON using : pretty_print=False </msg>
<msg timestamp="20201004 15:20:23.192" level="INFO">${confirmPayment} = {'order_id': 8004359105, 'payment_type': 'credit', 'type': 'visa', 'card_number': '4719700591590995', 'cvv': '752', 'expired_month': 7, 'expired_year': 20, 'card_name': 'Karnwat Wongudom', 'total_pric...</msg>
<status status="PASS" starttime="20201004 15:20:23.192" endtime="20201004 15:20:23.192"></status>
</kw>
<kw name="Post Request" library="RequestsLibrary">
<doc>Send a POST request on the session object found using the
given `alias`</doc>
<arguments>
<arg>${toy_store}</arg>
<arg>/api/v1/confirmPayment</arg>
<arg>json=${confirmPayment}</arg>
<arg>headers=&amp;{POST_HEADERS}</arg>
</arguments>
<assign>
<var>${confirmPaymentStatus}</var>
</assign>
<msg timestamp="20201004 15:20:23.202" level="INFO">POST Request : url=http://localhost:8000/api/v1/confirmPayment 
 path_url=/api/v1/confirmPayment 
 headers={'User-Agent': 'python-requests/2.24.0', 'Accept-Encoding': 'gzip, deflate', 'Accept': 'application/json', 'Connection': 'keep-alive', 'Content-Type': 'application/json', 'Content-Length': '210'} 
 body=b'{"order_id": 8004359105, "payment_type": "credit", "type": "visa", "card_number": "4719700591590995", "cvv": "752", "expired_month": 7, "expired_year": 20, "card_name": "Karnwat Wongudom", "total_price": 241.9}' 
 </msg>
<msg timestamp="20201004 15:20:23.202" level="INFO">POST Response : url=http://localhost:8000/api/v1/confirmPayment 
 status=200, reason=OK 
 body={
    "notify_message": "วันเวลาที่ชำระเงิน 1/3/2020 13:30:00 หมายเลขคำสั่งซื้อ 8004359105 คุณสามารถติดตามสินค้าผ่านช่องทาง Kerry หมายเลข 1785261901"
} 
 </msg>
<msg timestamp="20201004 15:20:23.202" level="INFO">${confirmPaymentStatus} = &lt;Response [200]&gt;</msg>
<status status="PASS" starttime="20201004 15:20:23.192" endtime="20201004 15:20:23.202"></status>
</kw>
<kw name="Request Should Be Successful" library="RequestsLibrary">
<doc>Fails if response status code is a client or server error (4xx, 5xx).</doc>
<arguments>
<arg>${confirmPaymentStatus}</arg>
</arguments>
<status status="PASS" starttime="20201004 15:20:23.202" endtime="20201004 15:20:23.203"></status>
</kw>
<kw name="Should Be Equal As Strings" library="BuiltIn">
<doc>Fails if objects are unequal after converting them to strings.</doc>
<arguments>
<arg>${confirmPaymentStatus.json()["notify_message"]}</arg>
<arg>${notify_message}</arg>
</arguments>
<status status="PASS" starttime="20201004 15:20:23.203" endtime="20201004 15:20:23.205"></status>
</kw>
<status status="PASS" starttime="20201004 15:20:23.189" endtime="20201004 15:20:23.206"></status>
</kw>
<status status="PASS" starttime="20201004 15:20:23.149" endtime="20201004 15:20:23.207"></status>
</kw>
<kw name="Delete All Sessions" library="RequestsLibrary" type="teardown">
<doc>Removes all the session objects</doc>
<msg timestamp="20201004 15:20:23.209" level="INFO">Delete All Sessions</msg>
<status status="PASS" starttime="20201004 15:20:23.208" endtime="20201004 15:20:23.209"></status>
</kw>
<status status="PASS" starttime="20201004 15:20:23.148" endtime="20201004 15:20:23.209" critical="yes"></status>
</test>
<status status="PASS" starttime="20201004 15:20:22.884" endtime="20201004 15:20:23.211"></status>
</suite>
<statistics>
<total>
<stat pass="2" fail="0">Critical Tests</stat>
<stat pass="2" fail="0">All Tests</stat>
</total>
<tag>
</tag>
<suite>
<stat pass="2" fail="0" id="s1" name="Checkout">Checkout</stat>
</suite>
</statistics>
<errors>
</errors>
</robot>
